01-Jun-2023 19:12:18.797 信息 [main] org.apache.catalina.startup.VersionLoggerListener.log Server.服务器版本: Apache Tomcat/8.5.85
01-Jun-2023 19:12:18.801 信息 [main] org.apache.catalina.startup.VersionLoggerListener.log 服务器构建:        Jan 11 2023 00:09:15 UTC
01-Jun-2023 19:12:18.804 信息 [main] org.apache.catalina.startup.VersionLoggerListener.log 服务器版本号:      8.5.85.0
01-Jun-2023 19:12:18.804 信息 [main] org.apache.catalina.startup.VersionLoggerListener.log 操作系统名称:      Windows 10
01-Jun-2023 19:12:18.804 信息 [main] org.apache.catalina.startup.VersionLoggerListener.log OS.版本:           10.0
01-Jun-2023 19:12:18.804 信息 [main] org.apache.catalina.startup.VersionLoggerListener.log 架构:              amd64
01-Jun-2023 19:12:18.804 信息 [main] org.apache.catalina.startup.VersionLoggerListener.log Java 环境变量:     C:\Program Files\Java\jdk-19
01-Jun-2023 19:12:18.805 信息 [main] org.apache.catalina.startup.VersionLoggerListener.log Java虚拟机版本:    19.0.2+7-44
01-Jun-2023 19:12:18.805 信息 [main] org.apache.catalina.startup.VersionLoggerListener.log JVM.供应商:        Oracle Corporation
01-Jun-2023 19:12:18.805 信息 [main] org.apache.catalina.startup.VersionLoggerListener.log CATALINA_BASE:     D:\Java Web学习\apache-tomcat-8.5.85
01-Jun-2023 19:12:18.805 信息 [main] org.apache.catalina.startup.VersionLoggerListener.log CATALINA_HOME:     D:\Java Web学习\apache-tomcat-8.5.85
01-Jun-2023 19:12:18.805 信息 [main] org.apache.catalina.startup.VersionLoggerListener.log 命令行参数：       --add-opens=java.base/java.lang=ALL-UNNAMED
01-Jun-2023 19:12:18.806 信息 [main] org.apache.catalina.startup.VersionLoggerListener.log 命令行参数：       --add-opens=java.base/java.io=ALL-UNNAMED
01-Jun-2023 19:12:18.806 信息 [main] org.apache.catalina.startup.VersionLoggerListener.log 命令行参数：       --add-opens=java.base/java.util=ALL-UNNAMED
01-Jun-2023 19:12:18.806 信息 [main] org.apache.catalina.startup.VersionLoggerListener.log 命令行参数：       --add-opens=java.base/java.util.concurrent=ALL-UNNAMED
01-Jun-2023 19:12:18.806 信息 [main] org.apache.catalina.startup.VersionLoggerListener.log 命令行参数：       --add-opens=java.rmi/sun.rmi.transport=ALL-UNNAMED
01-Jun-2023 19:12:18.807 信息 [main] org.apache.catalina.startup.VersionLoggerListener.log 命令行参数：       -Djava.util.logging.config.file=D:\Java Web学习\apache-tomcat-8.5.85\conf\logging.properties
01-Jun-2023 19:12:18.808 信息 [main] org.apache.catalina.startup.VersionLoggerListener.log 命令行参数：       -Djava.util.logging.manager=org.apache.juli.ClassLoaderLogManager
01-Jun-2023 19:12:18.808 信息 [main] org.apache.catalina.startup.VersionLoggerListener.log 命令行参数：       -Djdk.tls.ephemeralDHKeySize=2048
01-Jun-2023 19:12:18.808 信息 [main] org.apache.catalina.startup.VersionLoggerListener.log 命令行参数：       -Djava.protocol.handler.pkgs=org.apache.catalina.webresources
01-Jun-2023 19:12:18.809 信息 [main] org.apache.catalina.startup.VersionLoggerListener.log 命令行参数：       -Dignore.endorsed.dirs=
01-Jun-2023 19:12:18.809 信息 [main] org.apache.catalina.startup.VersionLoggerListener.log 命令行参数：       -Dcatalina.base=D:\Java Web学习\apache-tomcat-8.5.85
01-Jun-2023 19:12:18.810 信息 [main] org.apache.catalina.startup.VersionLoggerListener.log 命令行参数：       -Dcatalina.home=D:\Java Web学习\apache-tomcat-8.5.85
01-Jun-2023 19:12:18.810 信息 [main] org.apache.catalina.startup.VersionLoggerListener.log 命令行参数：       -Djava.io.tmpdir=D:\Java Web学习\apache-tomcat-8.5.85\temp
01-Jun-2023 19:12:18.810 信息 [main] org.apache.catalina.core.AprLifecycleListener.lifecycleEvent 在java.library.path:[C:\Program Files\Java\jdk-19\bin;C:\WINDOWS\Sun\Java\bin;C:\WINDOWS\system32;C:\WINDOWS;D:\VMware\VMware Workstation\bin\;C:\Program Files\Common Files\Oracle\Java\javapath;C:\Program Files (x86)\Common Files\Oracle\Java\javapath;C:\Program Files\Java\jdk-19\bin;C:\Program Files\Java\jdk-19\jre\bin;C:\Windows\system32;C:\Windows;C:\Windows\System32\Wbem;C:\Windows\System32\WindowsPowerShell\v1.0\;C:\Windows\System32\OpenSSH\;C:\Program Files (x86)\NVIDIA Corporation\PhysX\Common;C:\Program Files\NVIDIA Corporation\NVIDIA NvDLISR;D:\mysql-8.0.32-winx64\bin;C:\Program Files\dotnet\;C:\WINDOWS\system32;C:\WINDOWS;C:\WINDOWS\System32\Wbem;C:\WINDOWS\System32\WindowsPowerShell\v1.0\;C:\WINDOWS\System32\OpenSSH\;C:\mingw64\bin;D:\Sublime Text;%MAVEN_HOME%\bin;C:\Users\申宇强\AppData\Local\Microsoft\WindowsApps;;.]上找不到基于APR的Apache Tomcat本机库，该库允许在生产环境中获得最佳性能
01-Jun-2023 19:12:18.867 信息 [main] org.apache.coyote.AbstractProtocol.init 初始化协议处理器 ["http-nio-8080"]
01-Jun-2023 19:12:18.898 信息 [main] org.apache.catalina.startup.Catalina.load Initialization processed in 672 ms
01-Jun-2023 19:12:18.946 信息 [main] org.apache.catalina.core.StandardService.startInternal 正在启动服务[Catalina]
01-Jun-2023 19:12:18.947 信息 [main] org.apache.catalina.core.StandardEngine.startInternal 正在启动 Servlet 引擎：[Apache Tomcat/8.5.85]
01-Jun-2023 19:12:18.959 信息 [localhost-startStop-1] org.apache.catalina.startup.HostConfig.deployDirectory 把web 应用程序部署到目录 [D:\Java Web学习\apache-tomcat-8.5.85\webapps\docs]
01-Jun-2023 19:12:19.273 信息 [localhost-startStop-1] org.apache.catalina.startup.HostConfig.deployDirectory Web应用程序目录[D:\Java Web学习\apache-tomcat-8.5.85\webapps\docs]的部署已在[310]毫秒内完成
01-Jun-2023 19:12:19.274 信息 [localhost-startStop-1] org.apache.catalina.startup.HostConfig.deployDirectory 把web 应用程序部署到目录 [D:\Java Web学习\apache-tomcat-8.5.85\webapps\examples]
01-Jun-2023 19:12:19.774 信息 [localhost-startStop-1] org.apache.catalina.startup.HostConfig.deployDirectory Web应用程序目录[D:\Java Web学习\apache-tomcat-8.5.85\webapps\examples]的部署已在[499]毫秒内完成
01-Jun-2023 19:12:19.774 信息 [localhost-startStop-1] org.apache.catalina.startup.HostConfig.deployDirectory 把web 应用程序部署到目录 [D:\Java Web学习\apache-tomcat-8.5.85\webapps\host-manager]
01-Jun-2023 19:12:19.831 信息 [localhost-startStop-1] org.apache.catalina.startup.HostConfig.deployDirectory Web应用程序目录[D:\Java Web学习\apache-tomcat-8.5.85\webapps\host-manager]的部署已在[56]毫秒内完成
01-Jun-2023 19:12:19.831 信息 [localhost-startStop-1] org.apache.catalina.startup.HostConfig.deployDirectory 把web 应用程序部署到目录 [D:\Java Web学习\apache-tomcat-8.5.85\webapps\manager]
01-Jun-2023 19:12:19.887 信息 [localhost-startStop-1] org.apache.catalina.startup.HostConfig.deployDirectory Web应用程序目录[D:\Java Web学习\apache-tomcat-8.5.85\webapps\manager]的部署已在[56]毫秒内完成
01-Jun-2023 19:12:19.887 信息 [localhost-startStop-1] org.apache.catalina.startup.HostConfig.deployDirectory 把web 应用程序部署到目录 [D:\Java Web学习\apache-tomcat-8.5.85\webapps\ROOT]
01-Jun-2023 19:12:19.915 信息 [localhost-startStop-1] org.apache.catalina.startup.HostConfig.deployDirectory Web应用程序目录[D:\Java Web学习\apache-tomcat-8.5.85\webapps\ROOT]的部署已在[27]毫秒内完成
01-Jun-2023 19:12:19.916 信息 [main] org.apache.coyote.AbstractProtocol.start 开始协议处理句柄["http-nio-8080"]
01-Jun-2023 19:12:19.983 信息 [main] org.apache.catalina.startup.Catalina.start Server startup in 1082 ms
01-Jun-2023 19:12:31.484 信息 [main] org.apache.catalina.core.StandardServer.await 通过关闭端口接收到有效的关闭命令。正在停止服务器实例。
01-Jun-2023 19:12:31.484 信息 [main] org.apache.coyote.AbstractProtocol.pause 暂停ProtocolHandler["http-nio-8080"]
01-Jun-2023 19:12:31.498 信息 [main] org.apache.catalina.core.StandardService.stopInternal 正在停止服务[Catalina]
01-Jun-2023 19:12:31.518 信息 [main] org.apache.coyote.AbstractProtocol.stop 正在停止ProtocolHandler ["http-nio-8080"]
01-Jun-2023 19:12:31.536 信息 [main] org.apache.coyote.AbstractProtocol.destroy 正在摧毁协议处理器 ["http-nio-8080"]
