12-Oct-2023 15:56:31.731 信息 [main] org.apache.catalina.startup.VersionLoggerListener.log Server.服务器版本: Apache Tomcat/8.5.85
12-Oct-2023 15:56:31.740 信息 [main] org.apache.catalina.startup.VersionLoggerListener.log 服务器构建:        Jan 11 2023 00:09:15 UTC
12-Oct-2023 15:56:31.745 信息 [main] org.apache.catalina.startup.VersionLoggerListener.log 服务器版本号:      8.5.85.0
12-Oct-2023 15:56:31.746 信息 [main] org.apache.catalina.startup.VersionLoggerListener.log 操作系统名称:      Windows 10
12-Oct-2023 15:56:31.747 信息 [main] org.apache.catalina.startup.VersionLoggerListener.log OS.版本:           10.0
12-Oct-2023 15:56:31.747 信息 [main] org.apache.catalina.startup.VersionLoggerListener.log 架构:              amd64
12-Oct-2023 15:56:31.748 信息 [main] org.apache.catalina.startup.VersionLoggerListener.log Java 环境变量:     C:\Program Files\Java\jdk-19
12-Oct-2023 15:56:31.748 信息 [main] org.apache.catalina.startup.VersionLoggerListener.log Java虚拟机版本:    19.0.2+7-44
12-Oct-2023 15:56:31.748 信息 [main] org.apache.catalina.startup.VersionLoggerListener.log JVM.供应商:        Oracle Corporation
12-Oct-2023 15:56:31.749 信息 [main] org.apache.catalina.startup.VersionLoggerListener.log CATALINA_BASE:     D:\Java Web学习\apache-tomcat-8.5.85
12-Oct-2023 15:56:31.749 信息 [main] org.apache.catalina.startup.VersionLoggerListener.log CATALINA_HOME:     D:\Java Web学习\apache-tomcat-8.5.85
12-Oct-2023 15:56:31.749 信息 [main] org.apache.catalina.startup.VersionLoggerListener.log 命令行参数：       --add-opens=java.base/java.lang=ALL-UNNAMED
12-Oct-2023 15:56:31.749 信息 [main] org.apache.catalina.startup.VersionLoggerListener.log 命令行参数：       --add-opens=java.base/java.io=ALL-UNNAMED
12-Oct-2023 15:56:31.749 信息 [main] org.apache.catalina.startup.VersionLoggerListener.log 命令行参数：       --add-opens=java.base/java.util=ALL-UNNAMED
12-Oct-2023 15:56:31.749 信息 [main] org.apache.catalina.startup.VersionLoggerListener.log 命令行参数：       --add-opens=java.base/java.util.concurrent=ALL-UNNAMED
12-Oct-2023 15:56:31.750 信息 [main] org.apache.catalina.startup.VersionLoggerListener.log 命令行参数：       --add-opens=java.rmi/sun.rmi.transport=ALL-UNNAMED
12-Oct-2023 15:56:31.750 信息 [main] org.apache.catalina.startup.VersionLoggerListener.log 命令行参数：       -Djava.util.logging.config.file=D:\Java Web学习\apache-tomcat-8.5.85\conf\logging.properties
12-Oct-2023 15:56:31.750 信息 [main] org.apache.catalina.startup.VersionLoggerListener.log 命令行参数：       -Djava.util.logging.manager=org.apache.juli.ClassLoaderLogManager
12-Oct-2023 15:56:31.751 信息 [main] org.apache.catalina.startup.VersionLoggerListener.log 命令行参数：       -Djdk.tls.ephemeralDHKeySize=2048
12-Oct-2023 15:56:31.752 信息 [main] org.apache.catalina.startup.VersionLoggerListener.log 命令行参数：       -Djava.protocol.handler.pkgs=org.apache.catalina.webresources
12-Oct-2023 15:56:31.753 信息 [main] org.apache.catalina.startup.VersionLoggerListener.log 命令行参数：       -Dignore.endorsed.dirs=
12-Oct-2023 15:56:31.753 信息 [main] org.apache.catalina.startup.VersionLoggerListener.log 命令行参数：       -Dcatalina.base=D:\Java Web学习\apache-tomcat-8.5.85
12-Oct-2023 15:56:31.754 信息 [main] org.apache.catalina.startup.VersionLoggerListener.log 命令行参数：       -Dcatalina.home=D:\Java Web学习\apache-tomcat-8.5.85
12-Oct-2023 15:56:31.754 信息 [main] org.apache.catalina.startup.VersionLoggerListener.log 命令行参数：       -Djava.io.tmpdir=D:\Java Web学习\apache-tomcat-8.5.85\temp
12-Oct-2023 15:56:31.755 信息 [main] org.apache.catalina.core.AprLifecycleListener.lifecycleEvent 在java.library.path:[C:\Program Files\Java\jdk-19\bin;C:\WINDOWS\Sun\Java\bin;C:\WINDOWS\system32;C:\WINDOWS;D:\VMware\VMware Workstation\bin\;C:\Program Files\Common Files\Oracle\Java\javapath;C:\Program Files (x86)\Common Files\Oracle\Java\javapath;C:\Program Files\Java\jdk-19\bin;C:\Program Files\Java\jdk-19\jre\bin;C:\Windows\system32;C:\Windows;C:\Windows\System32\Wbem;C:\Windows\System32\WindowsPowerShell\v1.0\;C:\Windows\System32\OpenSSH\;C:\Program Files (x86)\NVIDIA Corporation\PhysX\Common;C:\Program Files\NVIDIA Corporation\NVIDIA NvDLISR;D:\mysql-8.0.32-winx64\bin;C:\Program Files\dotnet\;C:\WINDOWS\system32;C:\WINDOWS;C:\WINDOWS\System32\Wbem;C:\WINDOWS\System32\WindowsPowerShell\v1.0\;C:\WINDOWS\System32\OpenSSH\;C:\mingw64\bin;D:\Sublime Text;D:\maven\apache-maven-3.9.2\bin;D:\ffmpeg-6.0-essentials_build\bin;C:\Program Files\Docker\Docker\resources\bin;D:\Xft;7\;D:\apache-jmeter-5.6.2\bin;D:\nodejs\;D:\nodejs\node_global;D:\Git\cmd;;D:\Tencent\微信web开发者工具\dll;D:\Python\Python310\Scripts\;D:\Python\Python310\;C:\Users\申宇强\AppData\Local\Microsoft\WindowsApps;D:\JetBrains\PyCharm 2023.2\bin;;D:\JetBrains\CLion 2023.2\bin;C:\Users\申宇强\AppData\Roaming\npm;.]上找不到基于APR的Apache Tomcat本机库，该库允许在生产环境中获得最佳性能
12-Oct-2023 15:56:31.815 信息 [main] org.apache.coyote.AbstractProtocol.init 初始化协议处理器 ["http-nio-8080"]
12-Oct-2023 15:56:31.854 信息 [main] org.apache.catalina.startup.Catalina.load Initialization processed in 727 ms
12-Oct-2023 15:56:31.909 信息 [main] org.apache.catalina.core.StandardService.startInternal 正在启动服务[Catalina]
12-Oct-2023 15:56:31.909 信息 [main] org.apache.catalina.core.StandardEngine.startInternal 正在启动 Servlet 引擎：[Apache Tomcat/8.5.85]
12-Oct-2023 15:56:31.934 信息 [localhost-startStop-1] org.apache.catalina.startup.HostConfig.deployDirectory 把web 应用程序部署到目录 [D:\Java Web学习\apache-tomcat-8.5.85\webapps\docs]
12-Oct-2023 15:56:32.309 信息 [localhost-startStop-1] org.apache.catalina.startup.HostConfig.deployDirectory Web应用程序目录[D:\Java Web学习\apache-tomcat-8.5.85\webapps\docs]的部署已在[372]毫秒内完成
12-Oct-2023 15:56:32.310 信息 [localhost-startStop-1] org.apache.catalina.startup.HostConfig.deployDirectory 把web 应用程序部署到目录 [D:\Java Web学习\apache-tomcat-8.5.85\webapps\examples]
12-Oct-2023 15:56:32.850 信息 [localhost-startStop-1] org.apache.catalina.startup.HostConfig.deployDirectory Web应用程序目录[D:\Java Web学习\apache-tomcat-8.5.85\webapps\examples]的部署已在[540]毫秒内完成
12-Oct-2023 15:56:32.850 信息 [localhost-startStop-1] org.apache.catalina.startup.HostConfig.deployDirectory 把web 应用程序部署到目录 [D:\Java Web学习\apache-tomcat-8.5.85\webapps\host-manager]
12-Oct-2023 15:56:32.918 信息 [localhost-startStop-1] org.apache.catalina.startup.HostConfig.deployDirectory Web应用程序目录[D:\Java Web学习\apache-tomcat-8.5.85\webapps\host-manager]的部署已在[67]毫秒内完成
12-Oct-2023 15:56:32.922 信息 [localhost-startStop-1] org.apache.catalina.startup.HostConfig.deployDirectory 把web 应用程序部署到目录 [D:\Java Web学习\apache-tomcat-8.5.85\webapps\manager]
12-Oct-2023 15:56:32.993 信息 [localhost-startStop-1] org.apache.catalina.startup.HostConfig.deployDirectory Web应用程序目录[D:\Java Web学习\apache-tomcat-8.5.85\webapps\manager]的部署已在[72]毫秒内完成
12-Oct-2023 15:56:32.995 信息 [localhost-startStop-1] org.apache.catalina.startup.HostConfig.deployDirectory 把web 应用程序部署到目录 [D:\Java Web学习\apache-tomcat-8.5.85\webapps\ROOT]
12-Oct-2023 15:56:33.035 信息 [localhost-startStop-1] org.apache.catalina.startup.HostConfig.deployDirectory Web应用程序目录[D:\Java Web学习\apache-tomcat-8.5.85\webapps\ROOT]的部署已在[40]毫秒内完成
12-Oct-2023 15:56:33.041 信息 [main] org.apache.coyote.AbstractProtocol.start 开始协议处理句柄["http-nio-8080"]
12-Oct-2023 15:56:33.140 信息 [main] org.apache.catalina.startup.Catalina.start Server startup in 1284 ms
